Exception [::1 2016-05-22 20:52:53]Template file not found:C:\xampp\htdocs\xyz\apps\Frontend\\Template/\First/default.phtml in C:\xampp\htdocs\xyz\vendor\tronghieu\flywheel-framework\src\Flywheel\View\Render.php line 133n	Stack trace:
	#0 C:\xampp\htdocs\xyz\vendor\tronghieu\flywheel-framework\src\Flywheel\Controller\Web.php (337): render()
	#1 C:\xampp\htdocs\xyz\vendor\tronghieu\flywheel-framework\src\Flywheel\Controller\Web.php (314): _renderPage()
	#2 C:\xampp\htdocs\xyz\vendor\tronghieu\flywheel-framework\src\Flywheel\Application\WebApp.php (79): render()
	#3 C:\xampp\htdocs\xyz\vendor\tronghieu\flywheel-framework\src\Flywheel\Application\WebApp.php (48): _loadController()
	#4 C:\xampp\htdocs\xyz\www_html\index.php (16): run()
REQUEST_URI=/xyz/www_html/
Exception [::1 2016-05-22 20:54:32]Template file not found:C:\xampp\htdocs\xyz\apps\Frontend\\Template/\First/default.phtml in C:\xampp\htdocs\xyz\vendor\tronghieu\flywheel-framework\src\Flywheel\View\Render.php line 133n	Stack trace:
	#0 C:\xampp\htdocs\xyz\vendor\tronghieu\flywheel-framework\src\Flywheel\Controller\Web.php (337): render()
	#1 C:\xampp\htdocs\xyz\vendor\tronghieu\flywheel-framework\src\Flywheel\Controller\Web.php (314): _renderPage()
	#2 C:\xampp\htdocs\xyz\vendor\tronghieu\flywheel-framework\src\Flywheel\Application\WebApp.php (79): render()
	#3 C:\xampp\htdocs\xyz\vendor\tronghieu\flywheel-framework\src\Flywheel\Application\WebApp.php (48): _loadController()
	#4 C:\xampp\htdocs\xyz\www_html\index.php (16): run()
REQUEST_URI=/xyz/www_html/
Exception [::1 2016-05-22 21:09:21]Template file not found:C:\xampp\htdocs\xyz\apps\Frontend\\Template/\First/default.phtml in C:\xampp\htdocs\xyz\vendor\tronghieu\flywheel-framework\src\Flywheel\View\Render.php line 133n	Stack trace:
	#0 C:\xampp\htdocs\xyz\vendor\tronghieu\flywheel-framework\src\Flywheel\Controller\Web.php (337): render()
	#1 C:\xampp\htdocs\xyz\vendor\tronghieu\flywheel-framework\src\Flywheel\Controller\Web.php (314): _renderPage()
	#2 C:\xampp\htdocs\xyz\vendor\tronghieu\flywheel-framework\src\Flywheel\Application\WebApp.php (79): render()
	#3 C:\xampp\htdocs\xyz\vendor\tronghieu\flywheel-framework\src\Flywheel\Application\WebApp.php (48): _loadController()
	#4 C:\xampp\htdocs\xyz\www_html\index.php (16): run()
REQUEST_URI=/xyz/www_html/
Exception [::1 2016-05-22 21:11:08]Template file not found:C:\xampp\htdocs\xyz\apps\Frontend\\Template/\First/default.phtml in C:\xampp\htdocs\xyz\vendor\tronghieu\flywheel-framework\src\Flywheel\View\Render.php line 133n	Stack trace:
	#0 C:\xampp\htdocs\xyz\vendor\tronghieu\flywheel-framework\src\Flywheel\Controller\Web.php (337): render()
	#1 C:\xampp\htdocs\xyz\vendor\tronghieu\flywheel-framework\src\Flywheel\Controller\Web.php (314): _renderPage()
	#2 C:\xampp\htdocs\xyz\vendor\tronghieu\flywheel-framework\src\Flywheel\Application\WebApp.php (79): render()
	#3 C:\xampp\htdocs\xyz\vendor\tronghieu\flywheel-framework\src\Flywheel\Application\WebApp.php (48): _loadController()
	#4 C:\xampp\htdocs\xyz\www_html\index.php (16): run()
REQUEST_URI=/xyz/www_html/
Exception [::1 2016-05-22 21:12:05]Template file not found:C:\xampp\htdocs\xyz\apps\Frontend\\Template/\First/default.phtml in C:\xampp\htdocs\xyz\vendor\tronghieu\flywheel-framework\src\Flywheel\View\Render.php line 133n	Stack trace:
	#0 C:\xampp\htdocs\xyz\vendor\tronghieu\flywheel-framework\src\Flywheel\Controller\Web.php (337): render()
	#1 C:\xampp\htdocs\xyz\vendor\tronghieu\flywheel-framework\src\Flywheel\Controller\Web.php (314): _renderPage()
	#2 C:\xampp\htdocs\xyz\vendor\tronghieu\flywheel-framework\src\Flywheel\Application\WebApp.php (79): render()
	#3 C:\xampp\htdocs\xyz\vendor\tronghieu\flywheel-framework\src\Flywheel\Application\WebApp.php (48): _loadController()
	#4 C:\xampp\htdocs\xyz\www_html\index.php (16): run()
REQUEST_URI=/xyz/www_html/
Exception [::1 2016-05-22 21:15:43]Template file not found:C:\xampp\htdocs\xyz\apps\Frontend\\Template/\First/default.phtml in C:\xampp\htdocs\xyz\vendor\tronghieu\flywheel-framework\src\Flywheel\View\Render.php line 133n	Stack trace:
	#0 C:\xampp\htdocs\xyz\vendor\tronghieu\flywheel-framework\src\Flywheel\Controller\Web.php (337): render()
	#1 C:\xampp\htdocs\xyz\vendor\tronghieu\flywheel-framework\src\Flywheel\Controller\Web.php (314): _renderPage()
	#2 C:\xampp\htdocs\xyz\vendor\tronghieu\flywheel-framework\src\Flywheel\Application\WebApp.php (79): render()
	#3 C:\xampp\htdocs\xyz\vendor\tronghieu\flywheel-framework\src\Flywheel\Application\WebApp.php (48): _loadController()
	#4 C:\xampp\htdocs\xyz\www_html\index.php (16): run()
REQUEST_URI=/xyz/www_html/
Exception [::1 2016-05-22 21:16:07]Template file not found:C:\xampp\htdocs\xyz\apps\Frontend\\Template/\First/default.phtml in C:\xampp\htdocs\xyz\vendor\tronghieu\flywheel-framework\src\Flywheel\View\Render.php line 133n	Stack trace:
	#0 C:\xampp\htdocs\xyz\vendor\tronghieu\flywheel-framework\src\Flywheel\Controller\Web.php (337): render()
	#1 C:\xampp\htdocs\xyz\vendor\tronghieu\flywheel-framework\src\Flywheel\Controller\Web.php (314): _renderPage()
	#2 C:\xampp\htdocs\xyz\vendor\tronghieu\flywheel-framework\src\Flywheel\Application\WebApp.php (79): render()
	#3 C:\xampp\htdocs\xyz\vendor\tronghieu\flywheel-framework\src\Flywheel\Application\WebApp.php (48): _loadController()
	#4 C:\xampp\htdocs\xyz\www_html\index.php (16): run()
REQUEST_URI=/xyz/www_html/
Exception [::1 2016-05-22 21:24:20]Template file not found:C:\xampp\htdocs\xyz\apps\Frontend\\Template/\First/default.phtml in C:\xampp\htdocs\xyz\vendor\tronghieu\flywheel-framework\src\Flywheel\View\Render.php line 133n	Stack trace:
	#0 C:\xampp\htdocs\xyz\vendor\tronghieu\flywheel-framework\src\Flywheel\Controller\Web.php (337): render()
	#1 C:\xampp\htdocs\xyz\vendor\tronghieu\flywheel-framework\src\Flywheel\Controller\Web.php (314): _renderPage()
	#2 C:\xampp\htdocs\xyz\vendor\tronghieu\flywheel-framework\src\Flywheel\Application\WebApp.php (79): render()
	#3 C:\xampp\htdocs\xyz\vendor\tronghieu\flywheel-framework\src\Flywheel\Application\WebApp.php (48): _loadController()
	#4 C:\xampp\htdocs\xyz\www_html\index.php (16): run()
REQUEST_URI=/xyz/www_html/
